[debug] [2024-07-17T16:49:44.259Z] ----------------------------------------------------------------------
[debug] [2024-07-17T16:49:44.261Z] Command:       C:\Program Files\nodejs\node.exe C:\Users\Jacob\AppData\Roaming\npm\node_modules\firebase-tools\lib\bin\firebase.js init
[debug] [2024-07-17T16:49:44.262Z] CLI Version:   13.13.3
[debug] [2024-07-17T16:49:44.262Z] Platform:      win32
[debug] [2024-07-17T16:49:44.262Z] Node Version:  v20.10.0
[debug] [2024-07-17T16:49:44.262Z] Time:          Wed Jul 17 2024 11:49:44 GMT-0500 (Central Daylight Time)
[debug] [2024-07-17T16:49:44.262Z] ----------------------------------------------------------------------
[debug] 
[debug] [2024-07-17T16:49:44.316Z] > command requires scopes: ["email","openid","https://www.googleapis.com/auth/cloudplatformprojects.readonly","https://www.googleapis.com/auth/firebase","https://www.googleapis.com/auth/cloud-platform"]
[debug] [2024-07-17T16:49:44.316Z] > authorizing via signed-in user (anonomousep2@gmail.com)
[info] 
     ######## #### ########  ######## ########     ###     ######  ########
     ##        ##  ##     ## ##       ##     ##  ##   ##  ##       ##
     ######    ##  ########  ######   ########  #########  ######  ######
     ##        ##  ##    ##  ##       ##     ## ##     ##       ## ##
     ##       #### ##     ## ######## ########  ##     ##  ######  ########

You're about to initialize a Firebase project in this directory:

  C:\Users\Jacob\Documents\GitHub\Formbee\Formbee\client\FormBee

Before we get started, keep in mind:

  * You are initializing within an existing Firebase project directory

